#! /usr/bin/vvp
:ivl_version "12.0 (stable)";
:ivl_delay_selection "TYPICAL";
:vpi_time_precision - 9;
:vpi_module "/usr/lib/x86_64-linux-gnu/ivl/system.vpi";
:vpi_module "/usr/lib/x86_64-linux-gnu/ivl/vhdl_sys.vpi";
:vpi_module "/usr/lib/x86_64-linux-gnu/ivl/vhdl_textio.vpi";
:vpi_module "/usr/lib/x86_64-linux-gnu/ivl/v2005_math.vpi";
:vpi_module "/usr/lib/x86_64-linux-gnu/ivl/va_math.vpi";
S_0x5871347d2920 .scope module, "tb" "tb" 2 2;
 .timescale -9 -9;
v0x5871347e8cc0_0 .var "i0", 0 0;
v0x5871347e8d80_0 .var "i1", 0 0;
v0x5871347e8e50_0 .var "i2", 0 0;
v0x5871347e8f50_0 .var "i3", 0 0;
v0x5871347e9020_0 .var "s0", 0 0;
v0x5871347e9110_0 .var "s1", 0 0;
v0x5871347e91e0_0 .net "y", 0 0, v0x5871347e8b20_0;  1 drivers
S_0x5871347d2ab0 .scope module, "ins" "mux4X1" 2 5, 3 1 0, S_0x5871347d2920;
 .timescale 0 0;
    .port_info 0 /INPUT 1 "i0";
    .port_info 1 /INPUT 1 "i1";
    .port_info 2 /INPUT 1 "i2";
    .port_info 3 /INPUT 1 "i3";
    .port_info 4 /INPUT 1 "s0";
    .port_info 5 /INPUT 1 "s1";
    .port_info 6 /OUTPUT 1 "y";
v0x587134798490_0 .net "i0", 0 0, v0x5871347e8cc0_0;  1 drivers
v0x5871347e8730_0 .net "i1", 0 0, v0x5871347e8d80_0;  1 drivers
v0x5871347e87f0_0 .net "i2", 0 0, v0x5871347e8e50_0;  1 drivers
v0x5871347e8890_0 .net "i3", 0 0, v0x5871347e8f50_0;  1 drivers
v0x5871347e8950_0 .net "s0", 0 0, v0x5871347e9020_0;  1 drivers
v0x5871347e8a60_0 .net "s1", 0 0, v0x5871347e9110_0;  1 drivers
v0x5871347e8b20_0 .var "y", 0 0;
E_0x5871347d1890/0 .event anyedge, v0x5871347e8a60_0, v0x5871347e8950_0, v0x587134798490_0, v0x5871347e8730_0;
E_0x5871347d1890/1 .event anyedge, v0x5871347e87f0_0, v0x5871347e8890_0;
E_0x5871347d1890 .event/or E_0x5871347d1890/0, E_0x5871347d1890/1;
    .scope S_0x5871347d2ab0;
T_0 ;
    %wait E_0x5871347d1890;
    %load/vec4 v0x5871347e8a60_0;
    %load/vec4 v0x5871347e8950_0;
    %concat/vec4; draw_concat_vec4
    %dup/vec4;
    %pushi/vec4 0, 0, 2;
    %cmp/u;
    %jmp/1 T_0.0, 6;
    %dup/vec4;
    %pushi/vec4 1, 0, 2;
    %cmp/u;
    %jmp/1 T_0.1, 6;
    %dup/vec4;
    %pushi/vec4 2, 0, 2;
    %cmp/u;
    %jmp/1 T_0.2, 6;
    %dup/vec4;
    %pushi/vec4 3, 0, 2;
    %cmp/u;
    %jmp/1 T_0.3, 6;
    %jmp T_0.4;
T_0.0 ;
    %load/vec4 v0x587134798490_0;
    %assign/vec4 v0x5871347e8b20_0, 0;
    %jmp T_0.4;
T_0.1 ;
    %load/vec4 v0x5871347e8730_0;
    %assign/vec4 v0x5871347e8b20_0, 0;
    %jmp T_0.4;
T_0.2 ;
    %load/vec4 v0x5871347e87f0_0;
    %assign/vec4 v0x5871347e8b20_0, 0;
    %jmp T_0.4;
T_0.3 ;
    %load/vec4 v0x5871347e8890_0;
    %assign/vec4 v0x5871347e8b20_0, 0;
    %jmp T_0.4;
T_0.4 ;
    %pop/vec4 1;
    %jmp T_0;
    .thread T_0, $push;
    .scope S_0x5871347d2920;
T_1 ;
    %vpi_call 2 7 "$dumpfile", "mux.vcd" {0 0 0};
    %vpi_call 2 8 "$dumpvars", 32'sb00000000000000000000000000000001 {0 0 0};
    %end;
    .thread T_1;
    .scope S_0x5871347d2920;
T_2 ;
    %pushi/vec4 0, 0, 1;
    %store/vec4 v0x5871347e8cc0_0, 0, 1;
    %pushi/vec4 1, 0, 1;
    %store/vec4 v0x5871347e8d80_0, 0, 1;
    %pushi/vec4 0, 0, 1;
    %store/vec4 v0x5871347e8e50_0, 0, 1;
    %pushi/vec4 1, 0, 1;
    %store/vec4 v0x5871347e8f50_0, 0, 1;
    %pushi/vec4 0, 0, 2;
    %split/vec4 1;
    %store/vec4 v0x5871347e9110_0, 0, 1;
    %store/vec4 v0x5871347e9110_0, 0, 1;
    %delay 5, 0;
    %pushi/vec4 1, 0, 2;
    %split/vec4 1;
    %store/vec4 v0x5871347e9020_0, 0, 1;
    %store/vec4 v0x5871347e9110_0, 0, 1;
    %delay 5, 0;
    %pushi/vec4 2, 0, 2;
    %split/vec4 1;
    %store/vec4 v0x5871347e9020_0, 0, 1;
    %store/vec4 v0x5871347e9110_0, 0, 1;
    %delay 5, 0;
    %pushi/vec4 3, 0, 2;
    %split/vec4 1;
    %store/vec4 v0x5871347e9020_0, 0, 1;
    %store/vec4 v0x5871347e9110_0, 0, 1;
    %delay 5, 0;
    %pushi/vec4 0, 0, 2;
    %split/vec4 1;
    %store/vec4 v0x5871347e9020_0, 0, 1;
    %store/vec4 v0x5871347e9110_0, 0, 1;
    %end;
    .thread T_2;
    .scope S_0x5871347d2920;
T_3 ;
    %vpi_call 2 19 "$monitor", "simtime = %0g, i0 = %b, i1 = %b, i2 = %b, i3 = %b, s0 = %b, s1 = %b, y = %b", $time, v0x5871347e8cc0_0, v0x5871347e8d80_0, v0x5871347e8e50_0, v0x5871347e8f50_0, v0x5871347e9020_0, v0x5871347e9110_0, v0x5871347e91e0_0 {0 0 0};
    %end;
    .thread T_3;
# The file index is used to find the file name in the following table.
:file_names 4;
    "N/A";
    "<interactive>";
    "tb.v";
    "mux4X1.v";
