
Circuit 1 cell sky130_fd_pr__nfet_01v8 and Circuit 2 cell sky130_fd_pr__nfet_01v8 are black boxes.
Equate elements:  no current cell.
Device classes sky130_fd_pr__nfet_01v8 and sky130_fd_pr__nfet_01v8 are equivalent.

Circuit 1 cell sky130_fd_pr__pfet_01v8 and Circuit 2 cell sky130_fd_pr__pfet_01v8 are black boxes.
Equate elements:  no current cell.
Device classes sky130_fd_pr__pfet_01v8 and sky130_fd_pr__pfet_01v8 are equivalent.

Subcircuit summary:
Circuit 1: layout.spice                    |Circuit 2: mux4X1.spice                    
-------------------------------------------|-------------------------------------------
sky130_fd_pr__nfet_01v8 (8)                |sky130_fd_pr__nfet_01v8 (8)                
sky130_fd_pr__pfet_01v8 (8)                |sky130_fd_pr__pfet_01v8 (8)                
Number of devices: 16                      |Number of devices: 16                      
Number of nets: 13                         |Number of nets: 13                         
---------------------------------------------------------------------------------------
Netlists match uniquely with property errors.
sky130_fd_pr__pfet_01v8:12 vs. sky130_fd_pr__pfet_01v8:M4:
 ps circuit1: 4.9   circuit2: 4.58   (delta=6.75%, cutoff=0%)
 as circuit1: 0.9   circuit2: 0.58   (delta=43.2%, cutoff=0%)
 pd circuit1: 4.9   circuit2: 4.58   (delta=6.75%, cutoff=0%)
 ad circuit1: 0.9   circuit2: 0.58   (delta=43.2%, cutoff=0%)
sky130_fd_pr__pfet_01v8:12 vs. sky130_fd_pr__pfet_01v8:M4:
Property mult in circuit2 has no matching property in circuit1
sky130_fd_pr__pfet_01v8:12 vs. sky130_fd_pr__pfet_01v8:M4:
Property sd in circuit2 has no matching property in circuit1
sky130_fd_pr__pfet_01v8:12 vs. sky130_fd_pr__pfet_01v8:M4:
Property sb in circuit2 has no matching property in circuit1
sky130_fd_pr__pfet_01v8:12 vs. sky130_fd_pr__pfet_01v8:M4:
Property sa in circuit2 has no matching property in circuit1
sky130_fd_pr__pfet_01v8:12 vs. sky130_fd_pr__pfet_01v8:M4:
Property nrs in circuit2 has no matching property in circuit1
sky130_fd_pr__pfet_01v8:12 vs. sky130_fd_pr__pfet_01v8:M4:
Property nrd in circuit2 has no matching property in circuit1
sky130_fd_pr__pfet_01v8:12 vs. sky130_fd_pr__pfet_01v8:M4:
Property nf in circuit2 has no matching property in circuit1
sky130_fd_pr__pfet_01v8:9 vs. sky130_fd_pr__pfet_01v8:M8:
 ps circuit1: 4.9   circuit2: 4.58   (delta=6.75%, cutoff=0%)
 as circuit1: 0.9   circuit2: 0.58   (delta=43.2%, cutoff=0%)
 pd circuit1: 4.9   circuit2: 4.58   (delta=6.75%, cutoff=0%)
 ad circuit1: 0.9   circuit2: 0.58   (delta=43.2%, cutoff=0%)
sky130_fd_pr__pfet_01v8:9 vs. sky130_fd_pr__pfet_01v8:M8:
Property mult in circuit2 has no matching property in circuit1
sky130_fd_pr__pfet_01v8:9 vs. sky130_fd_pr__pfet_01v8:M8:
Property sd in circuit2 has no matching property in circuit1
sky130_fd_pr__pfet_01v8:9 vs. sky130_fd_pr__pfet_01v8:M8:
Property sb in circuit2 has no matching property in circuit1
sky130_fd_pr__pfet_01v8:9 vs. sky130_fd_pr__pfet_01v8:M8:
Property sa in circuit2 has no matching property in circuit1
sky130_fd_pr__pfet_01v8:9 vs. sky130_fd_pr__pfet_01v8:M8:
Property nrs in circuit2 has no matching property in circuit1
sky130_fd_pr__pfet_01v8:9 vs. sky130_fd_pr__pfet_01v8:M8:
Property nrd in circuit2 has no matching property in circuit1
sky130_fd_pr__pfet_01v8:9 vs. sky130_fd_pr__pfet_01v8:M8:
Property nf in circuit2 has no matching property in circuit1
sky130_fd_pr__pfet_01v8:11 vs. sky130_fd_pr__pfet_01v8:M2:
 ps circuit1: 4.9   circuit2: 4.58   (delta=6.75%, cutoff=0%)
 as circuit1: 0.9   circuit2: 0.58   (delta=43.2%, cutoff=0%)
 pd circuit1: 4.9   circuit2: 4.58   (delta=6.75%, cutoff=0%)
 ad circuit1: 0.9   circuit2: 0.58   (delta=43.2%, cutoff=0%)
sky130_fd_pr__pfet_01v8:11 vs. sky130_fd_pr__pfet_01v8:M2:
Property mult in circuit2 has no matching property in circuit1
sky130_fd_pr__pfet_01v8:11 vs. sky130_fd_pr__pfet_01v8:M2:
Property sd in circuit2 has no matching property in circuit1
sky130_fd_pr__pfet_01v8:11 vs. sky130_fd_pr__pfet_01v8:M2:
Property sb in circuit2 has no matching property in circuit1
sky130_fd_pr__pfet_01v8:11 vs. sky130_fd_pr__pfet_01v8:M2:
Property sa in circuit2 has no matching property in circuit1
sky130_fd_pr__pfet_01v8:11 vs. sky130_fd_pr__pfet_01v8:M2:
Property nrs in circuit2 has no matching property in circuit1
sky130_fd_pr__pfet_01v8:11 vs. sky130_fd_pr__pfet_01v8:M2:
Property nrd in circuit2 has no matching property in circuit1
sky130_fd_pr__pfet_01v8:11 vs. sky130_fd_pr__pfet_01v8:M2:
Property nf in circuit2 has no matching property in circuit1
sky130_fd_pr__pfet_01v8:8 vs. sky130_fd_pr__pfet_01v8:M6:
 ps circuit1: 4.9   circuit2: 4.58   (delta=6.75%, cutoff=0%)
 as circuit1: 0.9   circuit2: 0.58   (delta=43.2%, cutoff=0%)
 pd circuit1: 4.9   circuit2: 4.58   (delta=6.75%, cutoff=0%)
 ad circuit1: 0.9   circuit2: 0.58   (delta=43.2%, cutoff=0%)
sky130_fd_pr__pfet_01v8:8 vs. sky130_fd_pr__pfet_01v8:M6:
Property mult in circuit2 has no matching property in circuit1
sky130_fd_pr__pfet_01v8:8 vs. sky130_fd_pr__pfet_01v8:M6:
Property sd in circuit2 has no matching property in circuit1
sky130_fd_pr__pfet_01v8:8 vs. sky130_fd_pr__pfet_01v8:M6:
Property sb in circuit2 has no matching property in circuit1
sky130_fd_pr__pfet_01v8:8 vs. sky130_fd_pr__pfet_01v8:M6:
Property sa in circuit2 has no matching property in circuit1
sky130_fd_pr__pfet_01v8:8 vs. sky130_fd_pr__pfet_01v8:M6:
Property nrs in circuit2 has no matching property in circuit1
sky130_fd_pr__pfet_01v8:8 vs. sky130_fd_pr__pfet_01v8:M6:
Property nrd in circuit2 has no matching property in circuit1
sky130_fd_pr__pfet_01v8:8 vs. sky130_fd_pr__pfet_01v8:M6:
Property nf in circuit2 has no matching property in circuit1
sky130_fd_pr__pfet_01v8:15 vs. sky130_fd_pr__pfet_01v8:M12:
 ps circuit1: 4.9   circuit2: 4.58   (delta=6.75%, cutoff=0%)
 as circuit1: 0.9   circuit2: 0.58   (delta=43.2%, cutoff=0%)
 pd circuit1: 4.9   circuit2: 4.58   (delta=6.75%, cutoff=0%)
 ad circuit1: 0.9   circuit2: 0.58   (delta=43.2%, cutoff=0%)
sky130_fd_pr__pfet_01v8:15 vs. sky130_fd_pr__pfet_01v8:M12:
Property mult in circuit2 has no matching property in circuit1
sky130_fd_pr__pfet_01v8:15 vs. sky130_fd_pr__pfet_01v8:M12:
Property sd in circuit2 has no matching property in circuit1
sky130_fd_pr__pfet_01v8:15 vs. sky130_fd_pr__pfet_01v8:M12:
Property sb in circuit2 has no matching property in circuit1
sky130_fd_pr__pfet_01v8:15 vs. sky130_fd_pr__pfet_01v8:M12:
Property sa in circuit2 has no matching property in circuit1
sky130_fd_pr__pfet_01v8:15 vs. sky130_fd_pr__pfet_01v8:M12:
Property nrs in circuit2 has no matching property in circuit1
sky130_fd_pr__pfet_01v8:15 vs. sky130_fd_pr__pfet_01v8:M12:
Property nrd in circuit2 has no matching property in circuit1
sky130_fd_pr__pfet_01v8:15 vs. sky130_fd_pr__pfet_01v8:M12:
Property nf in circuit2 has no matching property in circuit1
sky130_fd_pr__pfet_01v8:7 vs. sky130_fd_pr__pfet_01v8:M10:
 ps circuit1: 4.9   circuit2: 4.58   (delta=6.75%, cutoff=0%)
 as circuit1: 0.9   circuit2: 0.58   (delta=43.2%, cutoff=0%)
 pd circuit1: 4.9   circuit2: 4.58   (delta=6.75%, cutoff=0%)
 ad circuit1: 0.9   circuit2: 0.58   (delta=43.2%, cutoff=0%)
sky130_fd_pr__pfet_01v8:7 vs. sky130_fd_pr__pfet_01v8:M10:
Property mult in circuit2 has no matching property in circuit1
sky130_fd_pr__pfet_01v8:7 vs. sky130_fd_pr__pfet_01v8:M10:
Property sd in circuit2 has no matching property in circuit1
sky130_fd_pr__pfet_01v8:7 vs. sky130_fd_pr__pfet_01v8:M10:
Property sb in circuit2 has no matching property in circuit1
sky130_fd_pr__pfet_01v8:7 vs. sky130_fd_pr__pfet_01v8:M10:
Property sa in circuit2 has no matching property in circuit1
sky130_fd_pr__pfet_01v8:7 vs. sky130_fd_pr__pfet_01v8:M10:
Property nrs in circuit2 has no matching property in circuit1
sky130_fd_pr__pfet_01v8:7 vs. sky130_fd_pr__pfet_01v8:M10:
Property nrd in circuit2 has no matching property in circuit1
sky130_fd_pr__pfet_01v8:7 vs. sky130_fd_pr__pfet_01v8:M10:
Property nf in circuit2 has no matching property in circuit1
sky130_fd_pr__pfet_01v8:5 vs. sky130_fd_pr__pfet_01v8:M14:
 ps circuit1: 4.9   circuit2: 4.58   (delta=6.75%, cutoff=0%)
 as circuit1: 0.9   circuit2: 0.58   (delta=43.2%, cutoff=0%)
 pd circuit1: 4.9   circuit2: 4.58   (delta=6.75%, cutoff=0%)
 ad circuit1: 0.9   circuit2: 0.58   (delta=43.2%, cutoff=0%)
sky130_fd_pr__pfet_01v8:5 vs. sky130_fd_pr__pfet_01v8:M14:
Property mult in circuit2 has no matching property in circuit1
sky130_fd_pr__pfet_01v8:5 vs. sky130_fd_pr__pfet_01v8:M14:
Property sd in circuit2 has no matching property in circuit1
sky130_fd_pr__pfet_01v8:5 vs. sky130_fd_pr__pfet_01v8:M14:
Property sb in circuit2 has no matching property in circuit1
sky130_fd_pr__pfet_01v8:5 vs. sky130_fd_pr__pfet_01v8:M14:
Property sa in circuit2 has no matching property in circuit1
sky130_fd_pr__pfet_01v8:5 vs. sky130_fd_pr__pfet_01v8:M14:
Property nrs in circuit2 has no matching property in circuit1
sky130_fd_pr__pfet_01v8:5 vs. sky130_fd_pr__pfet_01v8:M14:
Property nrd in circuit2 has no matching property in circuit1
sky130_fd_pr__pfet_01v8:5 vs. sky130_fd_pr__pfet_01v8:M14:
Property nf in circuit2 has no matching property in circuit1
sky130_fd_pr__pfet_01v8:14 vs. sky130_fd_pr__pfet_01v8:M16:
 ps circuit1: 4.9   circuit2: 4.58   (delta=6.75%, cutoff=0%)
 as circuit1: 0.9   circuit2: 0.58   (delta=43.2%, cutoff=0%)
 pd circuit1: 4.9   circuit2: 4.58   (delta=6.75%, cutoff=0%)
 ad circuit1: 0.9   circuit2: 0.58   (delta=43.2%, cutoff=0%)
sky130_fd_pr__pfet_01v8:14 vs. sky130_fd_pr__pfet_01v8:M16:
Property mult in circuit2 has no matching property in circuit1
sky130_fd_pr__pfet_01v8:14 vs. sky130_fd_pr__pfet_01v8:M16:
Property sd in circuit2 has no matching property in circuit1
sky130_fd_pr__pfet_01v8:14 vs. sky130_fd_pr__pfet_01v8:M16:
Property sb in circuit2 has no matching property in circuit1
sky130_fd_pr__pfet_01v8:14 vs. sky130_fd_pr__pfet_01v8:M16:
Property sa in circuit2 has no matching property in circuit1
sky130_fd_pr__pfet_01v8:14 vs. sky130_fd_pr__pfet_01v8:M16:
Property nrs in circuit2 has no matching property in circuit1
sky130_fd_pr__pfet_01v8:14 vs. sky130_fd_pr__pfet_01v8:M16:
Property nrd in circuit2 has no matching property in circuit1
sky130_fd_pr__pfet_01v8:14 vs. sky130_fd_pr__pfet_01v8:M16:
Property nf in circuit2 has no matching property in circuit1
sky130_fd_pr__nfet_01v8:6 vs. sky130_fd_pr__nfet_01v8:M3:
 ps circuit1: 2.9   circuit2: 2.58   (delta=11.7%, cutoff=0%)
 as circuit1: 0.45   circuit2: 0.29   (delta=43.2%, cutoff=0%)
 pd circuit1: 2.9   circuit2: 2.58   (delta=11.7%, cutoff=0%)
 ad circuit1: 0.45   circuit2: 0.29   (delta=43.2%, cutoff=0%)
sky130_fd_pr__nfet_01v8:6 vs. sky130_fd_pr__nfet_01v8:M3:
Property mult in circuit2 has no matching property in circuit1
sky130_fd_pr__nfet_01v8:6 vs. sky130_fd_pr__nfet_01v8:M3:
Property sd in circuit2 has no matching property in circuit1
sky130_fd_pr__nfet_01v8:6 vs. sky130_fd_pr__nfet_01v8:M3:
Property sb in circuit2 has no matching property in circuit1
sky130_fd_pr__nfet_01v8:6 vs. sky130_fd_pr__nfet_01v8:M3:
Property sa in circuit2 has no matching property in circuit1
sky130_fd_pr__nfet_01v8:6 vs. sky130_fd_pr__nfet_01v8:M3:
Property nrs in circuit2 has no matching property in circuit1
sky130_fd_pr__nfet_01v8:6 vs. sky130_fd_pr__nfet_01v8:M3:
Property nrd in circuit2 has no matching property in circuit1
sky130_fd_pr__nfet_01v8:6 vs. sky130_fd_pr__nfet_01v8:M3:
Property nf in circuit2 has no matching property in circuit1
sky130_fd_pr__nfet_01v8:13 vs. sky130_fd_pr__nfet_01v8:M7:
 ps circuit1: 2.9   circuit2: 2.58   (delta=11.7%, cutoff=0%)
 as circuit1: 0.45   circuit2: 0.29   (delta=43.2%, cutoff=0%)
 pd circuit1: 2.9   circuit2: 2.58   (delta=11.7%, cutoff=0%)
 ad circuit1: 0.45   circuit2: 0.29   (delta=43.2%, cutoff=0%)
sky130_fd_pr__nfet_01v8:13 vs. sky130_fd_pr__nfet_01v8:M7:
Property mult in circuit2 has no matching property in circuit1
sky130_fd_pr__nfet_01v8:13 vs. sky130_fd_pr__nfet_01v8:M7:
Property sd in circuit2 has no matching property in circuit1
sky130_fd_pr__nfet_01v8:13 vs. sky130_fd_pr__nfet_01v8:M7:
Property sb in circuit2 has no matching property in circuit1
sky130_fd_pr__nfet_01v8:13 vs. sky130_fd_pr__nfet_01v8:M7:
Property sa in circuit2 has no matching property in circuit1
sky130_fd_pr__nfet_01v8:13 vs. sky130_fd_pr__nfet_01v8:M7:
Property nrs in circuit2 has no matching property in circuit1
sky130_fd_pr__nfet_01v8:13 vs. sky130_fd_pr__nfet_01v8:M7:
Property nrd in circuit2 has no matching property in circuit1
sky130_fd_pr__nfet_01v8:13 vs. sky130_fd_pr__nfet_01v8:M7:
Property nf in circuit2 has no matching property in circuit1
sky130_fd_pr__nfet_01v8:4 vs. sky130_fd_pr__nfet_01v8:M1:
 ps circuit1: 2.9   circuit2: 2.58   (delta=11.7%, cutoff=0%)
 as circuit1: 0.45   circuit2: 0.29   (delta=43.2%, cutoff=0%)
 pd circuit1: 2.9   circuit2: 2.58   (delta=11.7%, cutoff=0%)
 ad circuit1: 0.45   circuit2: 0.29   (delta=43.2%, cutoff=0%)
sky130_fd_pr__nfet_01v8:4 vs. sky130_fd_pr__nfet_01v8:M1:
Property mult in circuit2 has no matching property in circuit1
sky130_fd_pr__nfet_01v8:4 vs. sky130_fd_pr__nfet_01v8:M1:
Property sd in circuit2 has no matching property in circuit1
sky130_fd_pr__nfet_01v8:4 vs. sky130_fd_pr__nfet_01v8:M1:
Property sb in circuit2 has no matching property in circuit1
sky130_fd_pr__nfet_01v8:4 vs. sky130_fd_pr__nfet_01v8:M1:
Property sa in circuit2 has no matching property in circuit1
sky130_fd_pr__nfet_01v8:4 vs. sky130_fd_pr__nfet_01v8:M1:
Property nrs in circuit2 has no matching property in circuit1
sky130_fd_pr__nfet_01v8:4 vs. sky130_fd_pr__nfet_01v8:M1:
Property nrd in circuit2 has no matching property in circuit1
sky130_fd_pr__nfet_01v8:4 vs. sky130_fd_pr__nfet_01v8:M1:
Property nf in circuit2 has no matching property in circuit1
sky130_fd_pr__nfet_01v8:10 vs. sky130_fd_pr__nfet_01v8:M5:
 ps circuit1: 2.9   circuit2: 2.58   (delta=11.7%, cutoff=0%)
 as circuit1: 0.45   circuit2: 0.29   (delta=43.2%, cutoff=0%)
 pd circuit1: 2.9   circuit2: 2.58   (delta=11.7%, cutoff=0%)
 ad circuit1: 0.45   circuit2: 0.29   (delta=43.2%, cutoff=0%)
sky130_fd_pr__nfet_01v8:10 vs. sky130_fd_pr__nfet_01v8:M5:
Property mult in circuit2 has no matching property in circuit1
sky130_fd_pr__nfet_01v8:10 vs. sky130_fd_pr__nfet_01v8:M5:
Property sd in circuit2 has no matching property in circuit1
sky130_fd_pr__nfet_01v8:10 vs. sky130_fd_pr__nfet_01v8:M5:
Property sb in circuit2 has no matching property in circuit1
sky130_fd_pr__nfet_01v8:10 vs. sky130_fd_pr__nfet_01v8:M5:
Property sa in circuit2 has no matching property in circuit1
sky130_fd_pr__nfet_01v8:10 vs. sky130_fd_pr__nfet_01v8:M5:
Property nrs in circuit2 has no matching property in circuit1
sky130_fd_pr__nfet_01v8:10 vs. sky130_fd_pr__nfet_01v8:M5:
Property nrd in circuit2 has no matching property in circuit1
sky130_fd_pr__nfet_01v8:10 vs. sky130_fd_pr__nfet_01v8:M5:
Property nf in circuit2 has no matching property in circuit1
sky130_fd_pr__nfet_01v8:2 vs. sky130_fd_pr__nfet_01v8:M11:
 ps circuit1: 2.9   circuit2: 2.58   (delta=11.7%, cutoff=0%)
 as circuit1: 0.45   circuit2: 0.29   (delta=43.2%, cutoff=0%)
 pd circuit1: 2.9   circuit2: 2.58   (delta=11.7%, cutoff=0%)
 ad circuit1: 0.45   circuit2: 0.29   (delta=43.2%, cutoff=0%)
sky130_fd_pr__nfet_01v8:2 vs. sky130_fd_pr__nfet_01v8:M11:
Property mult in circuit2 has no matching property in circuit1
sky130_fd_pr__nfet_01v8:2 vs. sky130_fd_pr__nfet_01v8:M11:
Property sd in circuit2 has no matching property in circuit1
sky130_fd_pr__nfet_01v8:2 vs. sky130_fd_pr__nfet_01v8:M11:
Property sb in circuit2 has no matching property in circuit1
sky130_fd_pr__nfet_01v8:2 vs. sky130_fd_pr__nfet_01v8:M11:
Property sa in circuit2 has no matching property in circuit1
sky130_fd_pr__nfet_01v8:2 vs. sky130_fd_pr__nfet_01v8:M11:
Property nrs in circuit2 has no matching property in circuit1
sky130_fd_pr__nfet_01v8:2 vs. sky130_fd_pr__nfet_01v8:M11:
Property nrd in circuit2 has no matching property in circuit1
sky130_fd_pr__nfet_01v8:2 vs. sky130_fd_pr__nfet_01v8:M11:
Property nf in circuit2 has no matching property in circuit1
sky130_fd_pr__nfet_01v8:0 vs. sky130_fd_pr__nfet_01v8:M9:
 ps circuit1: 2.9   circuit2: 2.58   (delta=11.7%, cutoff=0%)
 as circuit1: 0.45   circuit2: 0.29   (delta=43.2%, cutoff=0%)
 pd circuit1: 2.9   circuit2: 2.58   (delta=11.7%, cutoff=0%)
 ad circuit1: 0.45   circuit2: 0.29   (delta=43.2%, cutoff=0%)
sky130_fd_pr__nfet_01v8:0 vs. sky130_fd_pr__nfet_01v8:M9:
Property mult in circuit2 has no matching property in circuit1
sky130_fd_pr__nfet_01v8:0 vs. sky130_fd_pr__nfet_01v8:M9:
Property sd in circuit2 has no matching property in circuit1
sky130_fd_pr__nfet_01v8:0 vs. sky130_fd_pr__nfet_01v8:M9:
Property sb in circuit2 has no matching property in circuit1
sky130_fd_pr__nfet_01v8:0 vs. sky130_fd_pr__nfet_01v8:M9:
Property sa in circuit2 has no matching property in circuit1
sky130_fd_pr__nfet_01v8:0 vs. sky130_fd_pr__nfet_01v8:M9:
Property nrs in circuit2 has no matching property in circuit1
sky130_fd_pr__nfet_01v8:0 vs. sky130_fd_pr__nfet_01v8:M9:
Property nrd in circuit2 has no matching property in circuit1
sky130_fd_pr__nfet_01v8:0 vs. sky130_fd_pr__nfet_01v8:M9:
Property nf in circuit2 has no matching property in circuit1
sky130_fd_pr__nfet_01v8:3 vs. sky130_fd_pr__nfet_01v8:M13:
 ps circuit1: 2.9   circuit2: 2.58   (delta=11.7%, cutoff=0%)
 as circuit1: 0.45   circuit2: 0.29   (delta=43.2%, cutoff=0%)
 pd circuit1: 2.9   circuit2: 2.58   (delta=11.7%, cutoff=0%)
 ad circuit1: 0.45   circuit2: 0.29   (delta=43.2%, cutoff=0%)
sky130_fd_pr__nfet_01v8:3 vs. sky130_fd_pr__nfet_01v8:M13:
Property mult in circuit2 has no matching property in circuit1
sky130_fd_pr__nfet_01v8:3 vs. sky130_fd_pr__nfet_01v8:M13:
Property sd in circuit2 has no matching property in circuit1
sky130_fd_pr__nfet_01v8:3 vs. sky130_fd_pr__nfet_01v8:M13:
Property sb in circuit2 has no matching property in circuit1
sky130_fd_pr__nfet_01v8:3 vs. sky130_fd_pr__nfet_01v8:M13:
Property sa in circuit2 has no matching property in circuit1
sky130_fd_pr__nfet_01v8:3 vs. sky130_fd_pr__nfet_01v8:M13:
Property nrs in circuit2 has no matching property in circuit1
sky130_fd_pr__nfet_01v8:3 vs. sky130_fd_pr__nfet_01v8:M13:
Property nrd in circuit2 has no matching property in circuit1
sky130_fd_pr__nfet_01v8:3 vs. sky130_fd_pr__nfet_01v8:M13:
Property nf in circuit2 has no matching property in circuit1
sky130_fd_pr__nfet_01v8:1 vs. sky130_fd_pr__nfet_01v8:M15:
 ps circuit1: 2.9   circuit2: 2.58   (delta=11.7%, cutoff=0%)
 as circuit1: 0.45   circuit2: 0.29   (delta=43.2%, cutoff=0%)
 pd circuit1: 2.9   circuit2: 2.58   (delta=11.7%, cutoff=0%)
 ad circuit1: 0.45   circuit2: 0.29   (delta=43.2%, cutoff=0%)
sky130_fd_pr__nfet_01v8:1 vs. sky130_fd_pr__nfet_01v8:M15:
Property mult in circuit2 has no matching property in circuit1
sky130_fd_pr__nfet_01v8:1 vs. sky130_fd_pr__nfet_01v8:M15:
Property sd in circuit2 has no matching property in circuit1
sky130_fd_pr__nfet_01v8:1 vs. sky130_fd_pr__nfet_01v8:M15:
Property sb in circuit2 has no matching property in circuit1
sky130_fd_pr__nfet_01v8:1 vs. sky130_fd_pr__nfet_01v8:M15:
Property sa in circuit2 has no matching property in circuit1
sky130_fd_pr__nfet_01v8:1 vs. sky130_fd_pr__nfet_01v8:M15:
Property nrs in circuit2 has no matching property in circuit1
sky130_fd_pr__nfet_01v8:1 vs. sky130_fd_pr__nfet_01v8:M15:
Property nrd in circuit2 has no matching property in circuit1
sky130_fd_pr__nfet_01v8:1 vs. sky130_fd_pr__nfet_01v8:M15:
Property nf in circuit2 has no matching property in circuit1
Cells have no pins;  pin matching not needed.
Device classes layout.spice and mux4X1.spice are equivalent.

Final result: Circuits match uniquely.
Property errors were found.

The following cells had property errors:
 layout.spice
